Flow report for Nios_C_Implementation
Tue Oct 17 17:00:51 2023
Quartus Prime Version 18.1.0 Build 625 09/12/2018 SJ Lite Edition


---------------------
; Table of Contents ;
---------------------
  1. Legal Notice
  2. Flow Summary
  3. Flow Settings
  4. Flow Non-Default Global Settings
  5. Flow Elapsed Time
  6. Flow OS Summary
  7. Flow Log
  8. Flow Messages
  9. Flow Suppressed Messages



----------------
; Legal Notice ;
----------------
Copyright (C) 2018  Intel Corporation. All rights reserved.
Your use of Intel Corporation's design tools, logic functions 
and other software and tools, and its AMPP partner logic 
functions, and any output files from any of the foregoing 
(including device programming or simulation files), and any 
associated documentation or information are expressly subject 
to the terms and conditions of the Intel Program License 
Subscription Agreement, the Intel Quartus Prime License Agreement,
the Intel FPGA IP License Agreement, or other applicable license
agreement, including, without limitation, that your use is for
the sole purpose of programming logic devices manufactured by
Intel and sold by Intel or its authorized distributors.  Please
refer to the applicable agreement for further details.



+----------------------------------------------------------------------------------+
; Flow Summary                                                                     ;
+------------------------------------+---------------------------------------------+
; Flow Status                        ; Successful - Tue Oct 17 17:00:43 2023       ;
; Quartus Prime Version              ; 18.1.0 Build 625 09/12/2018 SJ Lite Edition ;
; Revision Name                      ; Nios_C_Implementation                       ;
; Top-level Entity Name              ; lab1                                        ;
; Family                             ; Cyclone IV E                                ;
; Device                             ; EP4CE115F29C7                               ;
; Timing Models                      ; Final                                       ;
; Total logic elements               ; 5,096 / 114,480 ( 4 % )                     ;
;     Total combinational functions  ; 4,465 / 114,480 ( 4 % )                     ;
;     Dedicated logic registers      ; 3,179 / 114,480 ( 3 % )                     ;
; Total registers                    ; 3247                                        ;
; Total pins                         ; 103 / 529 ( 19 % )                          ;
; Total virtual pins                 ; 0                                           ;
; Total memory bits                  ; 310,656 / 3,981,312 ( 8 % )                 ;
; Embedded Multiplier 9-bit elements ; 6 / 532 ( 1 % )                             ;
; Total PLLs                         ; 1 / 4 ( 25 % )                              ;
+------------------------------------+---------------------------------------------+


+-------------------------------------------+
; Flow Settings                             ;
+-------------------+-----------------------+
; Option            ; Setting               ;
+-------------------+-----------------------+
; Start date & time ; 10/17/2023 16:57:16   ;
; Main task         ; Compilation           ;
; Revision Name     ; Nios_C_Implementation ;
+-------------------+-----------------------+


+----------------------------------------------------------------------------------------------------------------------------------------------------------+
; Flow Non-Default Global Settings                                                                                                                         ;
+-------------------------------------+----------------------------------------------------------------+-----------------------+--------------+------------+
; Assignment Name                     ; Value                                                          ; Default Value         ; Entity Name  ; Section Id ;
+-------------------------------------+----------------------------------------------------------------+-----------------------+--------------+------------+
; COMPILER_SIGNATURE_ID               ; 270938840043923.169751503514032                                ; --                    ; --           ; --         ;
; MAX_CORE_JUNCTION_TEMP              ; 85                                                             ; --                    ; --           ; --         ;
; MIN_CORE_JUNCTION_TEMP              ; 0                                                              ; --                    ; --           ; --         ;
; MISC_FILE                           ; nios2_system/synthesis/../nios2_system.cmp                     ; --                    ; --           ; --         ;
; MISC_FILE                           ; nios2_system/synthesis/../../nios2_system.qsys                 ; --                    ; --           ; --         ;
; NOMINAL_CORE_SUPPLY_VOLTAGE         ; 1.2V                                                           ; --                    ; --           ; --         ;
; PARTITION_COLOR                     ; -- (Not supported for targeted family)                         ; --                    ; lab1         ; Top        ;
; PARTITION_FITTER_PRESERVATION_LEVEL ; -- (Not supported for targeted family)                         ; --                    ; lab1         ; Top        ;
; PARTITION_NETLIST_TYPE              ; -- (Not supported for targeted family)                         ; --                    ; lab1         ; Top        ;
; POWER_BOARD_THERMAL_MODEL           ; None (CONSERVATIVE)                                            ; --                    ; --           ; --         ;
; POWER_PRESET_COOLING_SOLUTION       ; 23 MM HEAT SINK WITH 200 LFPM AIRFLOW                          ; --                    ; --           ; --         ;
; PROJECT_OUTPUT_DIRECTORY            ; output_files                                                   ; --                    ; --           ; --         ;
; SLD_FILE                            ; nios2_system/synthesis/nios2_system.regmap                     ; --                    ; --           ; --         ;
; SLD_FILE                            ; nios2_system/synthesis/nios2_system.debuginfo                  ; --                    ; --           ; --         ;
; SLD_INFO                            ; QSYS_NAME nios2_system HAS_SOPCINFO 1 GENERATION_ID 1696473090 ; --                    ; nios2_system ; --         ;
; SOPCINFO_FILE                       ; nios2_system/synthesis/../../nios2_system.sopcinfo             ; --                    ; --           ; --         ;
; SYNTHESIS_ONLY_QIP                  ; On                                                             ; --                    ; --           ; --         ;
; TOP_LEVEL_ENTITY                    ; lab1                                                           ; Nios_C_Implementation ; --           ; --         ;
+-------------------------------------+----------------------------------------------------------------+-----------------------+--------------+------------+


+--------------------------------------------------------------------------------------------------------------------------+
; Flow Elapsed Time                                                                                                        ;
+----------------------+--------------+-------------------------+---------------------+------------------------------------+
; Module Name          ; Elapsed Time ; Average Processors Used ; Peak Virtual Memory ; Total CPU Time (on all processors) ;
+----------------------+--------------+-------------------------+---------------------+------------------------------------+
; Analysis & Synthesis ; 00:02:29     ; 1.0                     ; 5017 MB             ; 00:02:16                           ;
; Fitter               ; 00:00:42     ; 1.1                     ; 6111 MB             ; 00:00:44                           ;
; Assembler            ; 00:00:06     ; 1.0                     ; 4714 MB             ; 00:00:06                           ;
; Timing Analyzer      ; 00:00:07     ; 1.3                     ; 4957 MB             ; 00:00:06                           ;
; Total                ; 00:03:24     ; --                      ; --                  ; 00:03:12                           ;
+----------------------+--------------+-------------------------+---------------------+------------------------------------+


+------------------------------------------------------------------------------------+
; Flow OS Summary                                                                    ;
+----------------------+------------------+------------+------------+----------------+
; Module Name          ; Machine Hostname ; OS Name    ; OS Version ; Processor type ;
+----------------------+------------------+------------+------------+----------------+
; Analysis & Synthesis ; TDKMS-Stay-Hard  ; Windows 10 ; 10.0       ; x86_64         ;
; Fitter               ; TDKMS-Stay-Hard  ; Windows 10 ; 10.0       ; x86_64         ;
; Assembler            ; TDKMS-Stay-Hard  ; Windows 10 ; 10.0       ; x86_64         ;
; Timing Analyzer      ; TDKMS-Stay-Hard  ; Windows 10 ; 10.0       ; x86_64         ;
+----------------------+------------------+------------+------------+----------------+


------------
; Flow Log ;
------------
quartus_map --read_settings_files=on --write_settings_files=off Nios_C_Implementation -c Nios_C_Implementation
quartus_fit --read_settings_files=off --write_settings_files=off Nios_C_Implementation -c Nios_C_Implementation
quartus_asm --read_settings_files=off --write_settings_files=off Nios_C_Implementation -c Nios_C_Implementation
quartus_sta Nios_C_Implementation -c Nios_C_Implementation



